<?xml version="1.0" encoding="UTF-8"?>
<!-- Generated by org.testng.reporters.JUnitXMLReporter -->
<testsuite ignored="0" hostname="DESKTOP-1AT1G57" failures="0" tests="4" name="login senario" time="22.509" errors="0" timestamp="28 Apr 2024 02:40:13 GMT">
  <testcase classname="com.swalabs.automation.tc.LoginTc" name="login_Using_InValidname" time="6.358"/>
  <testcase classname="com.swalabs.automation.tc.LoginTc" name="login_Using_InValidpwd" time="4.65"/>
  <testcase classname="com.swalabs.automation.tc.LoginTc" name="login_Using_Valid" time="7.1"/>
  <testcase classname="com.swalabs.automation.tc.LoginTc" name="login_Using_empty" time="4.328"/>
</testsuite> <!-- login senario -->
